c:\users\nikit\onedrive\рабочий стол\lr1\lr1\lr1\x64\debug\vc141.pdb
c:\users\nikit\onedrive\рабочий стол\lr1\lr1\lr1\x64\debug\vc141.idb
c:\users\nikit\onedrive\рабочий стол\lr1\lr1\lr1\x64\debug\seediscs.obj
c:\users\nikit\onedrive\рабочий стол\lr1\lr1\lr1\x64\debug\movingfile.obj
c:\users\nikit\onedrive\рабочий стол\lr1\lr1\lr1\x64\debug\infoattributes.obj
c:\users\nikit\onedrive\рабочий стол\lr1\lr1\lr1\x64\debug\deletefolder.obj
c:\users\nikit\onedrive\рабочий стол\lr1\lr1\lr1\x64\debug\createnewfolder.obj
c:\users\nikit\onedrive\рабочий стол\lr1\lr1\lr1\x64\debug\createnewfile.obj
c:\users\nikit\onedrive\рабочий стол\lr1\lr1\lr1\x64\debug\copyfile.obj
c:\users\nikit\onedrive\рабочий стол\lr1\lr1\lr1\x64\debug\begin.obj
c:\users\nikit\onedrive\рабочий стол\lr1\lr1\lr1\x64\debug\asynchronousfilecopying.obj
c:\users\nikit\onedrive\рабочий стол\lr1\lr1\lr1\x64\debug\copythefile.obj
c:\users\nikit\onedrive\рабочий стол\lr1\lr1\x64\debug\lr1.exe
c:\users\nikit\onedrive\рабочий стол\lr1\lr1\x64\debug\lr1.pdb
c:\users\nikit\onedrive\рабочий стол\lr1\lr1\lr1\x64\debug\vc143.idb
c:\users\nikit\onedrive\рабочий стол\lr1\lr1\lr1\x64\debug\vc143.pdb
c:\users\nikit\onedrive\рабочий стол\lr1\lr1\lr1\x64\debug\lr1.tlog\cl.command.1.tlog
c:\users\nikit\onedrive\рабочий стол\lr1\lr1\lr1\x64\debug\lr1.tlog\cl.read.1.tlog
c:\users\nikit\onedrive\рабочий стол\lr1\lr1\lr1\x64\debug\lr1.tlog\cl.write.1.tlog
c:\users\nikit\onedrive\рабочий стол\lr1\lr1\lr1\x64\debug\lr1.tlog\link.command.1.tlog
c:\users\nikit\onedrive\рабочий стол\lr1\lr1\lr1\x64\debug\lr1.tlog\link.delete.1.tlog
c:\users\nikit\onedrive\рабочий стол\lr1\lr1\lr1\x64\debug\lr1.tlog\link.read.1.tlog
c:\users\nikit\onedrive\рабочий стол\lr1\lr1\lr1\x64\debug\lr1.tlog\link.write.1.tlog
